Absolute path: /Sikulix/Engine/
WARNING: An illegal reflective access operation has occurred
WARNING: Illegal reflective access by org.python.core.PySystemState (file:/Sikulix/Engine/Walker.jar) to method java.io.Console.encoding()
WARNING: Please consider reporting this to the maintainers of org.python.core.PySystemState
WARNING: Use --illegal-access=warn to enable warnings of further illegal reflective access operations
WARNING: All illegal access operations will be denied in a future release
Ejecutando /Sikulix/Sodimac.py
[00:34:06][INFO]tcp_connect 127.0.0.1:6000 
[00:34:06][INFO]Conectando 127.0.0.1:6000... 
In Java, the returned int is: -111
[00:34:06][INFO]Conectado con 127.0.0.1:6000 
[00:34:06][INFO]tcp_send INSERT into log (log_id, acc_id, stat_id, num_files) values (100, 0, 0, 0); 
In Java, the returned String is: 
[00:34:06][INFO]tcp_send MATRIX1000000000000 
In Java, the returned String is: 
[00:34:06][INFO]tcp_send UPDATE cuelogs set files = 87 where log_id = 100; 
In Java, the returned String is: 
[00:34:06][INFO]Intento 1/ 20 
IMAGEPATH set.
DOWNLOAD_PATH set.
SCREENSHOT_PATH set.
[00:34:06][INFO]open_explorer https://b2b.sodimac.com/b2bsocopr/grafica/html/index.html 
DEFAULT_DOWNLOAD_DIRECTORY = /home/seluser/Downloads/
Starting ChromeDriver 77.0.3865.40 (f484704e052e0b556f8030b65b953dce96503217-refs/branch-heads/3865@{#442}) on port 5060
Only local connections are allowed.
Please protect ports used by ChromeDriver and related test frameworks to prevent access by malicious code.
[1584502447.145][SEVERE]: bind() failed: Cannot assign requested address (99)
Mar 18, 2020 12:34:10 AM org.openqa.selenium.remote.ProtocolHandshake createSession
INFO: Detected dialect: W3C
[log] CLICK on L[930,287]@S(0) (606 msec)
[00:34:15][INFO]clicked B2b.png. score: 0.96603423357 
[log]  TYPE "#DOWN."
[log]  TYPE "#ENTER."
[00:34:15][INFO]sleeping for 2.0 
[00:34:17][INFO]waited time 2.0s 
[log]  TYPE "#TAB."
[log]  TYPE "#TAB."
[log]  TYPE "#TAB."
[log]  TYPE "#TAB."
[log]  TYPE "#TAB."
[log]  TYPE "#ENTER."
[00:34:18][INFO]sleeping for 1.5 
[00:34:19][INFO]waited time 1.5s 
[00:34:19][INFO]waiting for ('Credenciales.png', 'Expirado.png', 'Cuenta.png') 
[error] ImagePath: find: not there: Cuenta.png
[error] ImagePath: find: not there: Cuenta.png
[error] ImagePath: find: not there: Cuenta.png
[error] ImagePath: find: not there: Cuenta.png
[error] ImagePath: find: not there: Cuenta.png
[error] ImagePath: find: not there: Cuenta.png
[error] ImagePath: find: not there: Cuenta.png
[error] ImagePath: find: not there: Cuenta.png
[error] ImagePath: find: not there: Cuenta.png
[error] ImagePath: find: not there: Cuenta.png
[error] ImagePath: find: not there: Cuenta.png
[error] ImagePath: find: not there: Cuenta.png
[error] ImagePath: find: not there: Cuenta.png
[error] ImagePath: find: not there: Cuenta.png
[error] ImagePath: find: not there: Cuenta.png
[error] ImagePath: find: not there: Cuenta.png
[error] ImagePath: find: not there: Cuenta.png
[error] ImagePath: find: not there: Cuenta.png
[error] ImagePath: find: not there: Cuenta.png
[error] ImagePath: find: not there: Cuenta.png
[error] ImagePath: find: not there: Cuenta.png
[error] ImagePath: find: not there: Cuenta.png
[error] ImagePath: find: not there: Cuenta.png
[error] ImagePath: find: not there: Cuenta.png
[error] ImagePath: find: not there: Cuenta.png
[error] ImagePath: find: not there: Cuenta.png
[error] ImagePath: find: not there: Cuenta.png
[error] ImagePath: find: not there: Cuenta.png
[error] ImagePath: find: not there: Cuenta.png
[error] ImagePath: find: not there: Cuenta.png
[error] ImagePath: find: not there: Cuenta.png
[error] ImagePath: find: not there: Cuenta.png
[error] ImagePath: find: not there: Cuenta.png
[error] ImagePath: find: not there: Cuenta.png
[error] ImagePath: find: not there: Cuenta.png
[error] ImagePath: find: not there: Cuenta.png
[error] ImagePath: find: not there: Cuenta.png
[error] ImagePath: find: not there: Cuenta.png
[error] ImagePath: find: not there: Cuenta.png
[error] ImagePath: find: not there: Cuenta.png
[00:35:43][INFO]waiting success, found  
[00:35:43][INFO]tcp_send INSERT into log (log_id, acc_id, stat_id, num_files) values (100, 9, 0, 0); 
In Java, the returned String is: 
[error] ImagePath: find: not there: Ventas.png
[error] ImagePath: find: not there: Ventas.png
[00:36:17][ERROR]Imagen no aparecio en pantalla: Ventas.png 
[00:36:17][INFO]screenshot_save Ventas 
Captura guardada: /home/seluser/Screenshots/Ventas.png
[00:36:20][INFO]sleeping for 1.5 
[00:36:22][INFO]waited time 1.5s 
[00:36:22][INFO]tcp_send SNDPIC2 /home/seluser/Screenshots/Ventas.png 
In Java, the returned String is: 
[00:36:22][INFO]get_downloads count = 0 
[00:36:22][INFO]tcp_send INSERT into log (log_id, acc_id, stat_id, num_files, img) values (100, 7, 6, 0, 'Ventas.png') 
In Java, the returned String is: 
[00:36:22][INFO]get_downloads count = 0 
[00:36:22][INFO]tcp_send DUERMO0 
In Java, the returned String is: 
[00:36:22][INFO]close_explorer 
[00:36:22][INFO]Intento 2/ 20 
IMAGEPATH set.
DOWNLOAD_PATH set.
SCREENSHOT_PATH set.
[00:36:22][INFO]open_explorer https://b2b.sodimac.com/b2bsocopr/grafica/html/index.html 
DEFAULT_DOWNLOAD_DIRECTORY = /home/seluser/Downloads/
Starting ChromeDriver 77.0.3865.40 (f484704e052e0b556f8030b65b953dce96503217-refs/branch-heads/3865@{#442}) on port 8820
Only local connections are allowed.
Please protect ports used by ChromeDriver and related test frameworks to prevent access by malicious code.
[1584502582.654][SEVERE]: bind() failed: Cannot assign requested address (99)
Mar 18, 2020 12:36:24 AM org.openqa.selenium.remote.ProtocolHandshake createSession
INFO: Detected dialect: W3C
[log] CLICK on L[930,287]@S(0) (583 msec)
[00:36:29][INFO]clicked B2b.png. score: 0.96603423357 
[log]  TYPE "#DOWN."
[log]  TYPE "#ENTER."
[00:36:29][INFO]sleeping for 2.0 
[00:36:31][INFO]waited time 2.0s 
[log]  TYPE "#TAB."
[log]  TYPE "#TAB."
[log]  TYPE "#TAB."
[log]  TYPE "#TAB."
[log]  TYPE "#TAB."
[log]  TYPE "#ENTER."
[00:36:32][INFO]sleeping for 1.5 
[00:36:33][INFO]waited time 1.5s 
[00:36:33][INFO]waiting for ('Credenciales.png', 'Expirado.png', 'Cuenta.png') 
[error] ImagePath: find: not there: Cuenta.png
[error] ImagePath: find: not there: Cuenta.png
[error] ImagePath: find: not there: Cuenta.png
[error] ImagePath: find: not there: Cuenta.png
[error] ImagePath: find: not there: Cuenta.png
[error] ImagePath: find: not there: Cuenta.png
[error] ImagePath: find: not there: Cuenta.png
[error] ImagePath: find: not there: Cuenta.png
[error] ImagePath: find: not there: Cuenta.png
[error] ImagePath: find: not there: Cuenta.png
[error] ImagePath: find: not there: Cuenta.png
[error] ImagePath: find: not there: Cuenta.png
In C, the received string is: 127.0.0.1
IP: [127.0.0.1]  Port: 6000
In C, the received message is: INSERT into log (log_id, acc_id, stat_id, num_files) values (100, 0, 0, 0);
In C, the answer string is: 
In C, the received message is: MATRIX1000000000000
In C, the answer string is: 
In C, the received message is: UPDATE cuelogs set files = 87 where log_id = 100;
In C, the answer string is: 
In C, the received message is: INSERT into log (log_id, acc_id, stat_id, num_files) values (100, 9, 0, 0);
In C, the answer string is: 
In C, the received message is: SNDPIC2 /home/seluser/Screenshots/Ventas.png
In C, the answer string is: 
In C, the received message is: INSERT into log (log_id, acc_id, stat_id, num_files, img) values (100, 7, 6, 0, 'Ventas.png')
In C, the answer string is: 
In C, the received message is: DUERMO0
In C, the answer string is: 
